<?xml version="1.0" encoding="UTF-8"?>
<Site BuildName="Linux-g++"
	BuildStamp="20240110-0353-Experimental"
	Name="Metro"
	Generator="ctest-3.22.1"
	CompilerName="/usr/bin/g++"
	CompilerVersion="11.4.0"
	OSName="Linux"
	Hostname="Metro"
	OSRelease="6.2.0-39-generic"
	OSVersion="#40~22.04.1-Ubuntu SMP PREEMPT_DYNAMIC Thu Nov 16 10:53:04 UTC 2"
	OSPlatform="x86_64"
	Is64Bits="1"
	VendorString="GenuineIntel"
	VendorID="Intel Corporation"
	FamilyID="6"
	ModelID="151"
	ProcessorCacheSize="20480"
	NumberOfLogicalCPU="16"
	NumberOfPhysicalCPU="10"
	TotalVirtualMemory="31227"
	TotalPhysicalMemory="31898"
	LogicalProcessorsPerPhysical="1"
	ProcessorClockFrequency="800.602"
	>
	<Testing>
		<StartDateTime>Jan 10 11:53 CST</StartDateTime>
		<StartTestTime>1704858797</StartTestTime>
		<TestList/>
		<EndDateTime>Jan 10 11:53 CST</EndDateTime>
		<EndTestTime>1704858797</EndTestTime>
		<ElapsedMinutes>0</ElapsedMinutes>
	</Testing>
</Site>
