<?xml version="1.0" encoding="UTF-8"?>
<Site BuildName="Linux-g++"
	BuildStamp="20231120-0719-Experimental"
	Name="Metro"
	Generator="ctest-3.22.1"
	CompilerName="/usr/bin/g++"
	CompilerVersion="11.4.0"
	OSName="Linux"
	Hostname="Metro"
	OSRelease="6.2.0-36-generic"
	OSVersion="#37~22.04.1-Ubuntu SMP PREEMPT_DYNAMIC Mon Oct  9 15:34:04 UTC 2"
	OSPlatform="x86_64"
	Is64Bits="1"
	VendorString="GenuineIntel"
	VendorID="Intel Corporation"
	FamilyID="6"
	ModelID="151"
	ProcessorCacheSize="20480"
	NumberOfLogicalCPU="16"
	NumberOfPhysicalCPU="10"
	TotalVirtualMemory="31227"
	TotalPhysicalMemory="31898"
	LogicalProcessorsPerPhysical="1"
	ProcessorClockFrequency="4500.01"
	>
	<Testing>
		<StartDateTime>Nov 20 15:24 CST</StartDateTime>
		<StartTestTime>1700465060</StartTestTime>
		<TestList/>
		<EndDateTime>Nov 20 15:24 CST</EndDateTime>
		<EndTestTime>1700465060</EndTestTime>
		<ElapsedMinutes>0</ElapsedMinutes>
	</Testing>
</Site>
